Copyright 1986-2020 Xilinx, Inc. All Rights Reserved.
--------------------------------------------------------------------------------------------------------------------------------------------------------------
| Tool Version : Vivado v.2020.2 (win64) Build 3064766 Wed Nov 18 09:12:45 MST 2020
| Date         : Mon Apr 18 04:55:04 2022
| Host         : NICHOLAS running 64-bit major release  (build 9200)
| Command      : report_methodology -file au_top_0_methodology_drc_routed.rpt -pb au_top_0_methodology_drc_routed.pb -rpx au_top_0_methodology_drc_routed.rpx
| Design       : au_top_0
| Device       : xc7a35tftg256-1
| Speed File   : -1
| Design State : Fully Routed
--------------------------------------------------------------------------------------------------------------------------------------------------------------

Report Methodology

Table of Contents
-----------------
1. REPORT SUMMARY
2. REPORT DETAILS

1. REPORT SUMMARY
-----------------
            Netlist: netlist
          Floorplan: design_1
      Design limits: <entire design considered>
             Max violations: <unlimited>
             Violations found: 86
+-----------+----------+-------------------------------+------------+
| Rule      | Severity | Description                   | Violations |
+-----------+----------+-------------------------------+------------+
| SYNTH-13  | Warning  | combinational multiplier      | 2          |
| TIMING-16 | Warning  | Large setup violation         | 52         |
| TIMING-18 | Warning  | Missing input or output delay | 32         |
+-----------+----------+-------------------------------+------------+

2. REPORT DETAILS
-----------------
SYNTH-13#1 Warning
combinational multiplier  
Detected combinational multiplier in DSP instance game/alu/adderunit/s0.
Related violations: <none>

SYNTH-13#2 Warning
combinational multiplier  
Detected combinational multiplier in DSP instance game/alu/adderunit/s0__0.
Related violations: <none>

TIMING-16#1 Warning
Large setup violation  
There is a large setup violation of -23.936 ns between game/game_cu/FSM_sequential_M_state_q_reg[5]/C (clocked by clk_0) and game/game_regfile/M_display_state_q_reg[4]/D (clocked by clk_0). Large setup violations at the end of those stages might be difficult to fix during the post-placement implementation flow and could be the result of non-optimal XDC constraints or non-optimal design architecture
Related violations: <none>

TIMING-16#2 Warning
Large setup violation  
There is a large setup violation of -23.965 ns between game/game_cu/FSM_sequential_M_state_q_reg[5]/C (clocked by clk_0) and game/game_regfile/M_current_input_q_reg[4]/D (clocked by clk_0). Large setup violations at the end of those stages might be difficult to fix during the post-placement implementation flow and could be the result of non-optimal XDC constraints or non-optimal design architecture
Related violations: <none>

TIMING-16#3 Warning
Large setup violation  
There is a large setup violation of -23.965 ns between game/game_cu/FSM_sequential_M_state_q_reg[5]/C (clocked by clk_0) and game/game_regfile/M_question3_q_reg[4]/D (clocked by clk_0). Large setup violations at the end of those stages might be difficult to fix during the post-placement implementation flow and could be the result of non-optimal XDC constraints or non-optimal design architecture
Related violations: <none>

TIMING-16#4 Warning
Large setup violation  
There is a large setup violation of -24.014 ns between game/game_cu/FSM_sequential_M_state_q_reg[5]/C (clocked by clk_0) and game/game_regfile/M_question2_q_reg[4]/D (clocked by clk_0). Large setup violations at the end of those stages might be difficult to fix during the post-placement implementation flow and could be the result of non-optimal XDC constraints or non-optimal design architecture
Related violations: <none>

TIMING-16#5 Warning
Large setup violation  
There is a large setup violation of -24.021 ns between game/game_cu/FSM_sequential_M_state_q_reg[5]/C (clocked by clk_0) and game/game_regfile/M_question0_q_reg[4]/D (clocked by clk_0). Large setup violations at the end of those stages might be difficult to fix during the post-placement implementation flow and could be the result of non-optimal XDC constraints or non-optimal design architecture
Related violations: <none>

TIMING-16#6 Warning
Large setup violation  
There is a large setup violation of -24.275 ns between game/game_cu/FSM_sequential_M_state_q_reg[5]/C (clocked by clk_0) and game/game_regfile/M_question1_q_reg[4]/D (clocked by clk_0). Large setup violations at the end of those stages might be difficult to fix during the post-placement implementation flow and could be the result of non-optimal XDC constraints or non-optimal design architecture
Related violations: <none>

TIMING-16#7 Warning
Large setup violation  
There is a large setup violation of -24.648 ns between game/game_cu/FSM_sequential_M_state_q_reg[5]/C (clocked by clk_0) and game/game_regfile/M_question4_q_reg[4]/D (clocked by clk_0). Large setup violations at the end of those stages might be difficult to fix during the post-placement implementation flow and could be the result of non-optimal XDC constraints or non-optimal design architecture
Related violations: <none>

TIMING-16#8 Warning
Large setup violation  
There is a large setup violation of -25.768 ns between game/game_cu/FSM_sequential_M_state_q_reg[5]/C (clocked by clk_0) and game/game_regfile/M_question4_q_reg[3]/D (clocked by clk_0). Large setup violations at the end of those stages might be difficult to fix during the post-placement implementation flow and could be the result of non-optimal XDC constraints or non-optimal design architecture
Related violations: <none>

TIMING-16#9 Warning
Large setup violation  
There is a large setup violation of -25.804 ns between game/game_cu/FSM_sequential_M_state_q_reg[5]/C (clocked by clk_0) and game/game_regfile/M_question2_q_reg[3]/D (clocked by clk_0). Large setup violations at the end of those stages might be difficult to fix during the post-placement implementation flow and could be the result of non-optimal XDC constraints or non-optimal design architecture
Related violations: <none>

TIMING-16#10 Warning
Large setup violation  
There is a large setup violation of -25.856 ns between game/game_cu/FSM_sequential_M_state_q_reg[5]/C (clocked by clk_0) and game/game_regfile/M_question1_q_reg[3]/D (clocked by clk_0). Large setup violations at the end of those stages might be difficult to fix during the post-placement implementation flow and could be the result of non-optimal XDC constraints or non-optimal design architecture
Related violations: <none>

TIMING-16#11 Warning
Large setup violation  
There is a large setup violation of -25.880 ns between game/game_cu/FSM_sequential_M_state_q_reg[5]/C (clocked by clk_0) and game/game_regfile/M_question3_q_reg[3]/D (clocked by clk_0). Large setup violations at the end of those stages might be difficult to fix during the post-placement implementation flow and could be the result of non-optimal XDC constraints or non-optimal design architecture
Related violations: <none>

TIMING-16#12 Warning
Large setup violation  
There is a large setup violation of -25.933 ns between game/game_cu/FSM_sequential_M_state_q_reg[5]/C (clocked by clk_0) and game/game_regfile/M_rng_value_q_reg[3]/D (clocked by clk_0). Large setup violations at the end of those stages might be difficult to fix during the post-placement implementation flow and could be the result of non-optimal XDC constraints or non-optimal design architecture
Related violations: <none>

TIMING-16#13 Warning
Large setup violation  
There is a large setup violation of -25.978 ns between game/game_cu/FSM_sequential_M_state_q_reg[5]/C (clocked by clk_0) and game/game_regfile/M_question0_q_reg[3]/D (clocked by clk_0). Large setup violations at the end of those stages might be difficult to fix during the post-placement implementation flow and could be the result of non-optimal XDC constraints or non-optimal design architecture
Related violations: <none>

TIMING-16#14 Warning
Large setup violation  
There is a large setup violation of -25.992 ns between game/game_cu/FSM_sequential_M_state_q_reg[5]/C (clocked by clk_0) and game/game_regfile/M_display_state_q_reg[3]/D (clocked by clk_0). Large setup violations at the end of those stages might be difficult to fix during the post-placement implementation flow and could be the result of non-optimal XDC constraints or non-optimal design architecture
Related violations: <none>

TIMING-16#15 Warning
Large setup violation  
There is a large setup violation of -26.049 ns between game/game_cu/FSM_sequential_M_state_q_reg[5]/C (clocked by clk_0) and game/game_regfile/M_current_input_q_reg[3]/D (clocked by clk_0). Large setup violations at the end of those stages might be difficult to fix during the post-placement implementation flow and could be the result of non-optimal XDC constraints or non-optimal design architecture
Related violations: <none>

TIMING-16#16 Warning
Large setup violation  
There is a large setup violation of -26.067 ns between game/game_cu/FSM_sequential_M_state_q_reg[5]/C (clocked by clk_0) and game/game_regfile/M_correct_count_q_reg[3]/D (clocked by clk_0). Large setup violations at the end of those stages might be difficult to fix during the post-placement implementation flow and could be the result of non-optimal XDC constraints or non-optimal design architecture
Related violations: <none>

TIMING-16#17 Warning
Large setup violation  
There is a large setup violation of -27.811 ns between game/game_cu/FSM_sequential_M_state_q_reg[5]/C (clocked by clk_0) and game/game_regfile/M_correct_count_q_reg[2]/D (clocked by clk_0). Large setup violations at the end of those stages might be difficult to fix during the post-placement implementation flow and could be the result of non-optimal XDC constraints or non-optimal design architecture
Related violations: <none>

TIMING-16#18 Warning
Large setup violation  
There is a large setup violation of -27.847 ns between game/game_cu/FSM_sequential_M_state_q_reg[5]/C (clocked by clk_0) and game/game_regfile/M_display_state_q_reg[2]/D (clocked by clk_0). Large setup violations at the end of those stages might be difficult to fix during the post-placement implementation flow and could be the result of non-optimal XDC constraints or non-optimal design architecture
Related violations: <none>

TIMING-16#19 Warning
Large setup violation  
There is a large setup violation of -27.857 ns between game/game_cu/FSM_sequential_M_state_q_reg[5]/C (clocked by clk_0) and game/game_regfile/M_question0_q_reg[2]/D (clocked by clk_0). Large setup violations at the end of those stages might be difficult to fix during the post-placement implementation flow and could be the result of non-optimal XDC constraints or non-optimal design architecture
Related violations: <none>

TIMING-16#20 Warning
Large setup violation  
There is a large setup violation of -27.880 ns between game/game_cu/FSM_sequential_M_state_q_reg[5]/C (clocked by clk_0) and game/game_regfile/M_question2_q_reg[2]/D (clocked by clk_0). Large setup violations at the end of those stages might be difficult to fix during the post-placement implementation flow and could be the result of non-optimal XDC constraints or non-optimal design architecture
Related violations: <none>

TIMING-16#21 Warning
Large setup violation  
There is a large setup violation of -27.897 ns between game/game_cu/FSM_sequential_M_state_q_reg[5]/C (clocked by clk_0) and game/game_regfile/M_question3_q_reg[2]/D (clocked by clk_0). Large setup violations at the end of those stages might be difficult to fix during the post-placement implementation flow and could be the result of non-optimal XDC constraints or non-optimal design architecture
Related violations: <none>

TIMING-16#22 Warning
Large setup violation  
There is a large setup violation of -28.025 ns between game/game_cu/FSM_sequential_M_state_q_reg[5]/C (clocked by clk_0) and game/game_regfile/M_current_input_q_reg[2]/D (clocked by clk_0). Large setup violations at the end of those stages might be difficult to fix during the post-placement implementation flow and could be the result of non-optimal XDC constraints or non-optimal design architecture
Related violations: <none>

TIMING-16#23 Warning
Large setup violation  
There is a large setup violation of -28.078 ns between game/game_cu/FSM_sequential_M_state_q_reg[5]/C (clocked by clk_0) and game/game_regfile/M_rng_value_q_reg[2]/D (clocked by clk_0). Large setup violations at the end of those stages might be difficult to fix during the post-placement implementation flow and could be the result of non-optimal XDC constraints or non-optimal design architecture
Related violations: <none>

TIMING-16#24 Warning
Large setup violation  
There is a large setup violation of -28.217 ns between game/game_cu/FSM_sequential_M_state_q_reg[5]/C (clocked by clk_0) and game/game_regfile/M_question1_q_reg[2]/D (clocked by clk_0). Large setup violations at the end of those stages might be difficult to fix during the post-placement implementation flow and could be the result of non-optimal XDC constraints or non-optimal design architecture
Related violations: <none>

TIMING-16#25 Warning
Large setup violation  
There is a large setup violation of -28.335 ns between game/game_cu/FSM_sequential_M_state_q_reg[5]/C (clocked by clk_0) and game/game_regfile/M_question4_q_reg[2]/D (clocked by clk_0). Large setup violations at the end of those stages might be difficult to fix during the post-placement implementation flow and could be the result of non-optimal XDC constraints or non-optimal design architecture
Related violations: <none>

TIMING-16#26 Warning
Large setup violation  
There is a large setup violation of -29.947 ns between game/game_cu/FSM_sequential_M_state_q_reg[5]/C (clocked by clk_0) and game/game_regfile/M_current_input_q_reg[1]/D (clocked by clk_0). Large setup violations at the end of those stages might be difficult to fix during the post-placement implementation flow and could be the result of non-optimal XDC constraints or non-optimal design architecture
Related violations: <none>

TIMING-16#27 Warning
Large setup violation  
There is a large setup violation of -29.953 ns between game/game_cu/FSM_sequential_M_state_q_reg[5]/C (clocked by clk_0) and game/game_regfile/M_rng_value_q_reg[1]/D (clocked by clk_0). Large setup violations at the end of those stages might be difficult to fix during the post-placement implementation flow and could be the result of non-optimal XDC constraints or non-optimal design architecture
Related violations: <none>

TIMING-16#28 Warning
Large setup violation  
There is a large setup violation of -30.028 ns between game/game_cu/FSM_sequential_M_state_q_reg[5]/C (clocked by clk_0) and game/game_regfile/M_question3_q_reg[1]/D (clocked by clk_0). Large setup violations at the end of those stages might be difficult to fix during the post-placement implementation flow and could be the result of non-optimal XDC constraints or non-optimal design architecture
Related violations: <none>

TIMING-16#29 Warning
Large setup violation  
There is a large setup violation of -30.038 ns between game/game_cu/FSM_sequential_M_state_q_reg[5]/C (clocked by clk_0) and game/game_regfile/M_question1_q_reg[1]/D (clocked by clk_0). Large setup violations at the end of those stages might be difficult to fix during the post-placement implementation flow and could be the result of non-optimal XDC constraints or non-optimal design architecture
Related violations: <none>

TIMING-16#30 Warning
Large setup violation  
There is a large setup violation of -30.073 ns between game/game_cu/FSM_sequential_M_state_q_reg[5]/C (clocked by clk_0) and game/game_regfile/M_question0_q_reg[1]/D (clocked by clk_0). Large setup violations at the end of those stages might be difficult to fix during the post-placement implementation flow and could be the result of non-optimal XDC constraints or non-optimal design architecture
Related violations: <none>

TIMING-16#31 Warning
Large setup violation  
There is a large setup violation of -30.100 ns between game/game_cu/FSM_sequential_M_state_q_reg[5]/C (clocked by clk_0) and game/game_regfile/M_display_state_q_reg[1]/D (clocked by clk_0). Large setup violations at the end of those stages might be difficult to fix during the post-placement implementation flow and could be the result of non-optimal XDC constraints or non-optimal design architecture
Related violations: <none>

TIMING-16#32 Warning
Large setup violation  
There is a large setup violation of -30.125 ns between game/game_cu/FSM_sequential_M_state_q_reg[5]/C (clocked by clk_0) and game/game_regfile/M_question4_q_reg[1]/D (clocked by clk_0). Large setup violations at the end of those stages might be difficult to fix during the post-placement implementation flow and could be the result of non-optimal XDC constraints or non-optimal design architecture
Related violations: <none>

TIMING-16#33 Warning
Large setup violation  
There is a large setup violation of -30.151 ns between game/game_cu/FSM_sequential_M_state_q_reg[5]/C (clocked by clk_0) and game/game_regfile/M_lives_q_reg[1]/D (clocked by clk_0). Large setup violations at the end of those stages might be difficult to fix during the post-placement implementation flow and could be the result of non-optimal XDC constraints or non-optimal design architecture
Related violations: <none>

TIMING-16#34 Warning
Large setup violation  
There is a large setup violation of -30.374 ns between game/game_cu/FSM_sequential_M_state_q_reg[5]/C (clocked by clk_0) and game/game_regfile/M_question2_q_reg[1]/D (clocked by clk_0). Large setup violations at the end of those stages might be difficult to fix during the post-placement implementation flow and could be the result of non-optimal XDC constraints or non-optimal design architecture
Related violations: <none>

TIMING-16#35 Warning
Large setup violation  
There is a large setup violation of -30.409 ns between game/game_cu/FSM_sequential_M_state_q_reg[5]/C (clocked by clk_0) and game/game_regfile/M_correct_count_q_reg[1]/D (clocked by clk_0). Large setup violations at the end of those stages might be difficult to fix during the post-placement implementation flow and could be the result of non-optimal XDC constraints or non-optimal design architecture
Related violations: <none>

TIMING-16#36 Warning
Large setup violation  
There is a large setup violation of -31.862 ns between game/game_cu/FSM_sequential_M_state_q_reg[5]/C (clocked by clk_0) and game/game_regfile/M_out_q_reg[0]/D (clocked by clk_0). Large setup violations at the end of those stages might be difficult to fix during the post-placement implementation flow and could be the result of non-optimal XDC constraints or non-optimal design architecture
Related violations: <none>

TIMING-16#37 Warning
Large setup violation  
There is a large setup violation of -31.867 ns between game/game_cu/FSM_sequential_M_state_q_reg[5]/C (clocked by clk_0) and game/game_regfile/M_lives_q_reg[0]/D (clocked by clk_0). Large setup violations at the end of those stages might be difficult to fix during the post-placement implementation flow and could be the result of non-optimal XDC constraints or non-optimal design architecture
Related violations: <none>

TIMING-16#38 Warning
Large setup violation  
There is a large setup violation of -32.241 ns between game/game_cu/FSM_sequential_M_state_q_reg[5]/C (clocked by clk_0) and game/game_regfile/M_display_state_q_reg[0]/D (clocked by clk_0). Large setup violations at the end of those stages might be difficult to fix during the post-placement implementation flow and could be the result of non-optimal XDC constraints or non-optimal design architecture
Related violations: <none>

TIMING-16#39 Warning
Large setup violation  
There is a large setup violation of -32.517 ns between game/game_cu/FSM_sequential_M_state_q_reg[5]/C (clocked by clk_0) and game/game_regfile/M_question4_q_reg[0]/D (clocked by clk_0). Large setup violations at the end of those stages might be difficult to fix during the post-placement implementation flow and could be the result of non-optimal XDC constraints or non-optimal design architecture
Related violations: <none>

TIMING-16#40 Warning
Large setup violation  
There is a large setup violation of -32.523 ns between game/game_cu/FSM_sequential_M_state_q_reg[5]/C (clocked by clk_0) and game/game_regfile/M_question0_q_reg[0]/D (clocked by clk_0). Large setup violations at the end of those stages might be difficult to fix during the post-placement implementation flow and could be the result of non-optimal XDC constraints or non-optimal design architecture
Related violations: <none>

TIMING-16#41 Warning
Large setup violation  
There is a large setup violation of -32.526 ns between game/game_cu/FSM_sequential_M_state_q_reg[5]/C (clocked by clk_0) and game/game_regfile/M_current_input_q_reg[0]/D (clocked by clk_0). Large setup violations at the end of those stages might be difficult to fix during the post-placement implementation flow and could be the result of non-optimal XDC constraints or non-optimal design architecture
Related violations: <none>

TIMING-16#42 Warning
Large setup violation  
There is a large setup violation of -32.545 ns between game/game_cu/FSM_sequential_M_state_q_reg[5]/C (clocked by clk_0) and game/game_regfile/M_question2_q_reg[0]/D (clocked by clk_0). Large setup violations at the end of those stages might be difficult to fix during the post-placement implementation flow and could be the result of non-optimal XDC constraints or non-optimal design architecture
Related violations: <none>

TIMING-16#43 Warning
Large setup violation  
There is a large setup violation of -32.561 ns between game/game_cu/FSM_sequential_M_state_q_reg[5]/C (clocked by clk_0) and game/game_regfile/M_correct_count_q_reg[0]/D (clocked by clk_0). Large setup violations at the end of those stages might be difficult to fix during the post-placement implementation flow and could be the result of non-optimal XDC constraints or non-optimal design architecture
Related violations: <none>

TIMING-16#44 Warning
Large setup violation  
There is a large setup violation of -32.576 ns between game/game_cu/FSM_sequential_M_state_q_reg[5]/C (clocked by clk_0) and game/game_regfile/M_rng_value_q_reg[0]/D (clocked by clk_0). Large setup violations at the end of those stages might be difficult to fix during the post-placement implementation flow and could be the result of non-optimal XDC constraints or non-optimal design architecture
Related violations: <none>

TIMING-16#45 Warning
Large setup violation  
There is a large setup violation of -32.577 ns between game/game_cu/FSM_sequential_M_state_q_reg[5]/C (clocked by clk_0) and game/game_regfile/M_question3_q_reg[0]/D (clocked by clk_0). Large setup violations at the end of those stages might be difficult to fix during the post-placement implementation flow and could be the result of non-optimal XDC constraints or non-optimal design architecture
Related violations: <none>

TIMING-16#46 Warning
Large setup violation  
There is a large setup violation of -32.626 ns between game/game_cu/FSM_sequential_M_state_q_reg[5]/C (clocked by clk_0) and game/game_regfile/M_question1_q_reg[0]/D (clocked by clk_0). Large setup violations at the end of those stages might be difficult to fix during the post-placement implementation flow and could be the result of non-optimal XDC constraints or non-optimal design architecture
Related violations: <none>

TIMING-16#47 Warning
Large setup violation  
There is a large setup violation of -32.721 ns between game/game_cu/FSM_sequential_M_state_q_reg[5]/C (clocked by clk_0) and game/game_cu/FSM_sequential_M_state_q_reg[0]/D (clocked by clk_0). Large setup violations at the end of those stages might be difficult to fix during the post-placement implementation flow and could be the result of non-optimal XDC constraints or non-optimal design architecture
Related violations: <none>

TIMING-16#48 Warning
Large setup violation  
There is a large setup violation of -32.986 ns between game/game_cu/FSM_sequential_M_state_q_reg[5]/C (clocked by clk_0) and game/game_cu/FSM_sequential_M_state_q_reg[5]/D (clocked by clk_0). Large setup violations at the end of those stages might be difficult to fix during the post-placement implementation flow and could be the result of non-optimal XDC constraints or non-optimal design architecture
Related violations: <none>

TIMING-16#49 Warning
Large setup violation  
There is a large setup violation of -33.049 ns between game/game_cu/FSM_sequential_M_state_q_reg[5]/C (clocked by clk_0) and game/game_cu/FSM_sequential_M_state_q_reg[1]/D (clocked by clk_0). Large setup violations at the end of those stages might be difficult to fix during the post-placement implementation flow and could be the result of non-optimal XDC constraints or non-optimal design architecture
Related violations: <none>

TIMING-16#50 Warning
Large setup violation  
There is a large setup violation of -33.056 ns between game/game_cu/FSM_sequential_M_state_q_reg[5]/C (clocked by clk_0) and game/game_cu/FSM_sequential_M_state_q_reg[4]/D (clocked by clk_0). Large setup violations at the end of those stages might be difficult to fix during the post-placement implementation flow and could be the result of non-optimal XDC constraints or non-optimal design architecture
Related violations: <none>

TIMING-16#51 Warning
Large setup violation  
There is a large setup violation of -33.106 ns between game/game_cu/FSM_sequential_M_state_q_reg[5]/C (clocked by clk_0) and game/game_cu/FSM_sequential_M_state_q_reg[2]/D (clocked by clk_0). Large setup violations at the end of those stages might be difficult to fix during the post-placement implementation flow and could be the result of non-optimal XDC constraints or non-optimal design architecture
Related violations: <none>

TIMING-16#52 Warning
Large setup violation  
There is a large setup violation of -33.173 ns between game/game_cu/FSM_sequential_M_state_q_reg[5]/C (clocked by clk_0) and game/game_cu/FSM_sequential_M_state_q_reg[3]/D (clocked by clk_0). Large setup violations at the end of those stages might be difficult to fix during the post-placement implementation flow and could be the result of non-optimal XDC constraints or non-optimal design architecture
Related violations: <none>

TIMING-18#1 Warning
Missing input or output delay  
An input delay is missing on decrease_button[0] relative to clock(s) clk_0
Related violations: <none>

TIMING-18#2 Warning
Missing input or output delay  
An input delay is missing on enter_button[0] relative to clock(s) clk_0
Related violations: <none>

TIMING-18#3 Warning
Missing input or output delay  
An input delay is missing on increase_button[0] relative to clock(s) clk_0
Related violations: <none>

TIMING-18#4 Warning
Missing input or output delay  
An input delay is missing on onoff_button[0] relative to clock(s) clk_0
Related violations: <none>

TIMING-18#5 Warning
Missing input or output delay  
An input delay is missing on reset_button[0] relative to clock(s) clk_0
Related violations: <none>

TIMING-18#6 Warning
Missing input or output delay  
An input delay is missing on rst_n relative to clock(s) clk_0
Related violations: <none>

TIMING-18#7 Warning
Missing input or output delay  
An input delay is missing on start_button[0] relative to clock(s) clk_0
Related violations: <none>

TIMING-18#8 Warning
Missing input or output delay  
An output delay is missing on custom_seg[0] relative to clock(s) clk_0
Related violations: <none>

TIMING-18#9 Warning
Missing input or output delay  
An output delay is missing on custom_seg[1] relative to clock(s) clk_0
Related violations: <none>

TIMING-18#10 Warning
Missing input or output delay  
An output delay is missing on custom_seg[2] relative to clock(s) clk_0
Related violations: <none>

TIMING-18#11 Warning
Missing input or output delay  
An output delay is missing on custom_seg[3] relative to clock(s) clk_0
Related violations: <none>

TIMING-18#12 Warning
Missing input or output delay  
An output delay is missing on custom_seg[4] relative to clock(s) clk_0
Related violations: <none>

TIMING-18#13 Warning
Missing input or output delay  
An output delay is missing on custom_seg[5] relative to clock(s) clk_0
Related violations: <none>

TIMING-18#14 Warning
Missing input or output delay  
An output delay is missing on custom_seg[6] relative to clock(s) clk_0
Related violations: <none>

TIMING-18#15 Warning
Missing input or output delay  
An output delay is missing on custom_seg[7] relative to clock(s) clk_0
Related violations: <none>

TIMING-18#16 Warning
Missing input or output delay  
An output delay is missing on custom_sel[0] relative to clock(s) clk_0
Related violations: <none>

TIMING-18#17 Warning
Missing input or output delay  
An output delay is missing on custom_sel[1] relative to clock(s) clk_0
Related violations: <none>

TIMING-18#18 Warning
Missing input or output delay  
An output delay is missing on custom_sel[2] relative to clock(s) clk_0
Related violations: <none>

TIMING-18#19 Warning
Missing input or output delay  
An output delay is missing on custom_sel[3] relative to clock(s) clk_0
Related violations: <none>

TIMING-18#20 Warning
Missing input or output delay  
An output delay is missing on custom_sel[4] relative to clock(s) clk_0
Related violations: <none>

TIMING-18#21 Warning
Missing input or output delay  
An output delay is missing on input_seg[0] relative to clock(s) clk_0
Related violations: <none>

TIMING-18#22 Warning
Missing input or output delay  
An output delay is missing on input_seg[1] relative to clock(s) clk_0
Related violations: <none>

TIMING-18#23 Warning
Missing input or output delay  
An output delay is missing on input_seg[2] relative to clock(s) clk_0
Related violations: <none>

TIMING-18#24 Warning
Missing input or output delay  
An output delay is missing on input_seg[3] relative to clock(s) clk_0
Related violations: <none>

TIMING-18#25 Warning
Missing input or output delay  
An output delay is missing on input_seg[4] relative to clock(s) clk_0
Related violations: <none>

TIMING-18#26 Warning
Missing input or output delay  
An output delay is missing on input_seg[5] relative to clock(s) clk_0
Related violations: <none>

TIMING-18#27 Warning
Missing input or output delay  
An output delay is missing on input_seg[6] relative to clock(s) clk_0
Related violations: <none>

TIMING-18#28 Warning
Missing input or output delay  
An output delay is missing on input_seg[7] relative to clock(s) clk_0
Related violations: <none>

TIMING-18#29 Warning
Missing input or output delay  
An output delay is missing on input_sel[0] relative to clock(s) clk_0
Related violations: <none>

TIMING-18#30 Warning
Missing input or output delay  
An output delay is missing on led_lives[0] relative to clock(s) clk_0
Related violations: <none>

TIMING-18#31 Warning
Missing input or output delay  
An output delay is missing on led_lives[1] relative to clock(s) clk_0
Related violations: <none>

TIMING-18#32 Warning
Missing input or output delay  
An output delay is missing on led_lives[2] relative to clock(s) clk_0
Related violations: <none>


